2025-02-14 14:19:02 - PE - INFO - Time 0.00: PE0 add a <class 'src.sim_type.Read'> task(id:1) into running queue.
2025-02-14 14:19:02 - PE - INFO - Time 0.00: PE1 add a <class 'src.sim_type.Read'> task(id:3) into running queue.
2025-02-14 14:19:02 - PE - INFO - Time 0.00: PE1 add a <class 'src.sim_type.Stay'> task(id:6) into running queue.
2025-02-14 14:19:02 - PE - INFO - Time 0.00: PE2 add a <class 'src.sim_type.Read'> task(id:7) into running queue.
2025-02-14 14:19:02 - PE - INFO - Time 0.00: PE3 add a <class 'src.sim_type.Read'> task(id:9) into running queue.
2025-02-14 14:19:02 - PE - INFO - Time 0.00: PE3 add a <class 'src.sim_type.Stay'> task(id:12) into running queue.
2025-02-14 14:19:02 - PE - INFO - Time 0.00: PE3 add a <class 'src.sim_type.Stay'> task(id:15) into running queue.
2025-02-14 14:19:02 - PE - INFO - Time 0.00: PE4 add a <class 'src.sim_type.Read'> task(id:16) into running queue.
2025-02-14 14:19:02 - PE - INFO - Time 0.00: PE5 add a <class 'src.sim_type.Read'> task(id:18) into running queue.
2025-02-14 14:19:02 - PE - INFO - Time 0.00: PE5 add a <class 'src.sim_type.Stay'> task(id:21) into running queue.
2025-02-14 14:19:02 - PE - INFO - Time 0.00: PE6 add a <class 'src.sim_type.Read'> task(id:22) into running queue.
2025-02-14 14:19:02 - PE - INFO - Time 0.00: PE7 add a <class 'src.sim_type.Read'> task(id:24) into running queue.
2025-02-14 14:19:02 - PE - INFO - Time 0.00: PE7 add a <class 'src.sim_type.Stay'> task(id:27) into running queue.
2025-02-14 14:19:02 - PE - INFO - Time 0.00: PE7 add a <class 'src.sim_type.Stay'> task(id:30) into running queue.
2025-02-14 14:19:02 - PE - INFO - Time 0.00: PE7 add a <class 'src.sim_type.Stay'> task(id:33) into running queue.
2025-02-14 14:19:02 - PE - INFO - Time 0.00: PE8 add a <class 'src.sim_type.Read'> task(id:34) into running queue.
2025-02-14 14:19:02 - PE - INFO - Time 0.00: PE9 add a <class 'src.sim_type.Read'> task(id:36) into running queue.
2025-02-14 14:19:02 - PE - INFO - Time 0.00: PE9 add a <class 'src.sim_type.Stay'> task(id:39) into running queue.
2025-02-14 14:19:02 - PE - INFO - Time 0.00: PE10 add a <class 'src.sim_type.Read'> task(id:40) into running queue.
2025-02-14 14:19:02 - PE - INFO - Time 0.00: PE11 add a <class 'src.sim_type.Read'> task(id:42) into running queue.
2025-02-14 14:19:02 - PE - INFO - Time 0.00: PE11 add a <class 'src.sim_type.Stay'> task(id:45) into running queue.
2025-02-14 14:19:02 - PE - INFO - Time 0.00: PE11 add a <class 'src.sim_type.Stay'> task(id:48) into running queue.
2025-02-14 14:19:02 - PE - INFO - Time 0.00: PE12 add a <class 'src.sim_type.Read'> task(id:49) into running queue.
2025-02-14 14:19:02 - PE - INFO - Time 0.00: PE13 add a <class 'src.sim_type.Read'> task(id:51) into running queue.
2025-02-14 14:19:02 - PE - INFO - Time 0.00: PE13 add a <class 'src.sim_type.Stay'> task(id:54) into running queue.
2025-02-14 14:19:02 - PE - INFO - Time 0.00: PE14 add a <class 'src.sim_type.Read'> task(id:55) into running queue.
2025-02-14 14:19:02 - PE - INFO - Time 0.00: PE15 add a <class 'src.sim_type.Read'> task(id:57) into running queue.
2025-02-14 14:19:02 - PE - INFO - Time 0.00: PE15 add a <class 'src.sim_type.Stay'> task(id:60) into running queue.
2025-02-14 14:19:02 - PE - INFO - Time 0.00: PE15 add a <class 'src.sim_type.Stay'> task(id:63) into running queue.
2025-02-14 14:19:02 - PE - INFO - Time 0.00: PE15 add a <class 'src.sim_type.Stay'> task(id:66) into running queue.
2025-02-14 14:19:02 - PE - INFO - Time 1.00: PE0 finish processing <class 'src.sim_type.Read'> task(id:1).
2025-02-14 14:19:02 - PE - INFO - Time 1.00: PE0 add a <class 'src.sim_type.Pool'> task(id:2) into running queue.
2025-02-14 14:19:02 - PE - INFO - Time 1.00: PE1 finish processing <class 'src.sim_type.Read'> task(id:3).
2025-02-14 14:19:02 - PE - INFO - Time 1.00: PE1 add a <class 'src.sim_type.Send'> task(id:13) into running queue.
2025-02-14 14:19:02 - PE - INFO - Time 1.00: PE2 finish processing <class 'src.sim_type.Read'> task(id:7).
2025-02-14 14:19:02 - PE - INFO - Time 1.00: PE2 add a <class 'src.sim_type.Pool'> task(id:8) into running queue.
2025-02-14 14:19:02 - PE - INFO - Time 1.00: PE3 finish processing <class 'src.sim_type.Read'> task(id:9).
2025-02-14 14:19:02 - PE - INFO - Time 1.00: PE3 finish processing <class 'src.sim_type.Stay'> task(id:15).
2025-02-14 14:19:02 - PE - INFO - Time 1.00: PE3 add a <class 'src.sim_type.Send'> task(id:31) into running queue.
2025-02-14 14:19:02 - PE - INFO - Time 1.00: PE4 finish processing <class 'src.sim_type.Read'> task(id:16).
2025-02-14 14:19:02 - PE - INFO - Time 1.00: PE4 add a <class 'src.sim_type.Pool'> task(id:17) into running queue.
2025-02-14 14:19:02 - PE - INFO - Time 1.00: PE5 finish processing <class 'src.sim_type.Read'> task(id:18).
2025-02-14 14:19:02 - PE - INFO - Time 1.00: PE5 add a <class 'src.sim_type.Send'> task(id:28) into running queue.
2025-02-14 14:19:02 - PE - INFO - Time 1.00: PE6 finish processing <class 'src.sim_type.Read'> task(id:22).
2025-02-14 14:19:02 - PE - INFO - Time 1.00: PE6 add a <class 'src.sim_type.Pool'> task(id:23) into running queue.
2025-02-14 14:19:02 - PE - INFO - Time 1.00: PE7 finish processing <class 'src.sim_type.Read'> task(id:24).
2025-02-14 14:19:02 - PE - INFO - Time 1.00: PE7 finish processing <class 'src.sim_type.Stay'> task(id:30).
2025-02-14 14:19:02 - PE - INFO - Time 1.00: PE8 finish processing <class 'src.sim_type.Read'> task(id:34).
2025-02-14 14:19:02 - PE - INFO - Time 1.00: PE8 add a <class 'src.sim_type.Pool'> task(id:35) into running queue.
2025-02-14 14:19:02 - PE - INFO - Time 1.00: PE9 finish processing <class 'src.sim_type.Read'> task(id:36).
2025-02-14 14:19:02 - PE - INFO - Time 1.00: PE9 add a <class 'src.sim_type.Send'> task(id:46) into running queue.
2025-02-14 14:19:02 - PE - INFO - Time 1.00: PE10 finish processing <class 'src.sim_type.Read'> task(id:40).
2025-02-14 14:19:02 - PE - INFO - Time 1.00: PE10 add a <class 'src.sim_type.Pool'> task(id:41) into running queue.
2025-02-14 14:19:02 - PE - INFO - Time 1.00: PE11 finish processing <class 'src.sim_type.Read'> task(id:42).
2025-02-14 14:19:02 - PE - INFO - Time 1.00: PE11 finish processing <class 'src.sim_type.Stay'> task(id:48).
2025-02-14 14:19:02 - PE - INFO - Time 1.00: PE11 add a <class 'src.sim_type.Send'> task(id:64) into running queue.
2025-02-14 14:19:02 - PE - INFO - Time 1.00: PE12 finish processing <class 'src.sim_type.Read'> task(id:49).
2025-02-14 14:19:02 - PE - INFO - Time 1.00: PE12 add a <class 'src.sim_type.Pool'> task(id:50) into running queue.
2025-02-14 14:19:02 - PE - INFO - Time 1.00: PE13 finish processing <class 'src.sim_type.Read'> task(id:51).
2025-02-14 14:19:02 - PE - INFO - Time 1.00: PE13 add a <class 'src.sim_type.Send'> task(id:61) into running queue.
2025-02-14 14:19:02 - PE - INFO - Time 1.00: PE14 finish processing <class 'src.sim_type.Read'> task(id:55).
2025-02-14 14:19:02 - PE - INFO - Time 1.00: PE14 add a <class 'src.sim_type.Pool'> task(id:56) into running queue.
2025-02-14 14:19:02 - PE - INFO - Time 1.00: PE15 finish processing <class 'src.sim_type.Read'> task(id:57).
2025-02-14 14:19:02 - PE - INFO - Time 1.00: PE15 finish processing <class 'src.sim_type.Stay'> task(id:63).
2025-02-14 14:19:02 - PE - INFO - Time 1.00: PE1 finish processing <class 'src.sim_type.Stay'> task(id:6).
2025-02-14 14:19:02 - PE - INFO - Time 1.00: PE3 finish processing <class 'src.sim_type.Stay'> task(id:12).
2025-02-14 14:19:02 - PE - INFO - Time 1.00: PE5 finish processing <class 'src.sim_type.Stay'> task(id:21).
2025-02-14 14:19:02 - PE - INFO - Time 1.00: PE7 finish processing <class 'src.sim_type.Stay'> task(id:27).
2025-02-14 14:19:02 - PE - INFO - Time 1.00: PE9 finish processing <class 'src.sim_type.Stay'> task(id:39).
2025-02-14 14:19:02 - PE - INFO - Time 1.00: PE11 finish processing <class 'src.sim_type.Stay'> task(id:45).
2025-02-14 14:19:02 - PE - INFO - Time 1.00: PE13 finish processing <class 'src.sim_type.Stay'> task(id:54).
2025-02-14 14:19:02 - PE - INFO - Time 1.00: PE15 finish processing <class 'src.sim_type.Stay'> task(id:60).
2025-02-14 14:19:02 - NoC - INFO - Time 1.00: Router1 send data13 to router2.
2025-02-14 14:19:02 - NoC - INFO - Time 1.00: Router1 finished sending data13 to router2.
2025-02-14 14:19:02 - NoC - INFO - Time 1.00: Router3 send data31 to router7.
2025-02-14 14:19:02 - NoC - INFO - Time 1.00: Router3 finished sending data31 to router7.
2025-02-14 14:19:02 - NoC - INFO - Time 1.00: Router5 send data28 to router6.
2025-02-14 14:19:02 - NoC - INFO - Time 1.00: Router5 finished sending data28 to router6.
2025-02-14 14:19:02 - PE - INFO - Time 1.00: PE7 finish processing <class 'src.sim_type.Stay'> task(id:33).
2025-02-14 14:19:02 - NoC - INFO - Time 1.00: Router9 send data46 to router10.
2025-02-14 14:19:02 - NoC - INFO - Time 1.00: Router9 finished sending data46 to router10.
2025-02-14 14:19:02 - NoC - INFO - Time 1.00: Router11 send data64 to router15.
2025-02-14 14:19:02 - NoC - INFO - Time 1.00: Router11 finished sending data64 to router15.
2025-02-14 14:19:02 - NoC - INFO - Time 1.00: Router13 send data61 to router14.
2025-02-14 14:19:02 - NoC - INFO - Time 1.00: Router13 finished sending data61 to router14.
2025-02-14 14:19:02 - PE - INFO - Time 1.00: PE15 finish processing <class 'src.sim_type.Stay'> task(id:66).
2025-02-14 14:19:02 - PE - INFO - Time 1.00: PE1 finish processing <class 'src.sim_type.Send'> task(id:13).
2025-02-14 14:19:02 - PE - INFO - Time 1.00: PE3 finish processing <class 'src.sim_type.Send'> task(id:31).
2025-02-14 14:19:02 - PE - INFO - Time 1.00: PE5 finish processing <class 'src.sim_type.Send'> task(id:28).
2025-02-14 14:19:02 - PE - INFO - Time 1.00: PE9 finish processing <class 'src.sim_type.Send'> task(id:46).
2025-02-14 14:19:02 - PE - INFO - Time 1.00: PE11 finish processing <class 'src.sim_type.Send'> task(id:64).
2025-02-14 14:19:02 - PE - INFO - Time 1.00: PE13 finish processing <class 'src.sim_type.Send'> task(id:61).
2025-02-14 14:19:02 - PE - INFO - Time 1.00: PE0 finish processing <class 'src.sim_type.Pool'> task(id:2).
2025-02-14 14:19:02 - PE - INFO - Time 1.00: PE0 add a <class 'src.sim_type.Send'> task(id:4) into running queue.
2025-02-14 14:19:02 - PE - INFO - Time 1.00: PE2 finish processing <class 'src.sim_type.Pool'> task(id:8).
2025-02-14 14:19:02 - PE - INFO - Time 1.00: PE2 add a <class 'src.sim_type.Send'> task(id:10) into running queue.
2025-02-14 14:19:02 - PE - INFO - Time 1.00: PE4 finish processing <class 'src.sim_type.Pool'> task(id:17).
2025-02-14 14:19:02 - PE - INFO - Time 1.00: PE4 add a <class 'src.sim_type.Send'> task(id:19) into running queue.
2025-02-14 14:19:02 - PE - INFO - Time 1.00: PE6 finish processing <class 'src.sim_type.Pool'> task(id:23).
2025-02-14 14:19:02 - PE - INFO - Time 1.00: PE6 add a <class 'src.sim_type.Send'> task(id:25) into running queue.
2025-02-14 14:19:02 - PE - INFO - Time 1.00: PE8 finish processing <class 'src.sim_type.Pool'> task(id:35).
2025-02-14 14:19:02 - PE - INFO - Time 1.00: PE8 add a <class 'src.sim_type.Send'> task(id:37) into running queue.
2025-02-14 14:19:02 - PE - INFO - Time 1.00: PE10 finish processing <class 'src.sim_type.Pool'> task(id:41).
2025-02-14 14:19:02 - PE - INFO - Time 1.00: PE10 add a <class 'src.sim_type.Send'> task(id:43) into running queue.
2025-02-14 14:19:02 - PE - INFO - Time 1.00: PE12 finish processing <class 'src.sim_type.Pool'> task(id:50).
2025-02-14 14:19:02 - PE - INFO - Time 1.00: PE12 add a <class 'src.sim_type.Send'> task(id:52) into running queue.
2025-02-14 14:19:02 - PE - INFO - Time 1.00: PE14 finish processing <class 'src.sim_type.Pool'> task(id:56).
2025-02-14 14:19:02 - PE - INFO - Time 1.00: PE14 add a <class 'src.sim_type.Send'> task(id:58) into running queue.
2025-02-14 14:19:02 - NoC - INFO - Time 1.00: Router0 send data4 to router1.
2025-02-14 14:19:02 - NoC - INFO - Time 1.00: Router0 finished sending data4 to router1.
2025-02-14 14:19:02 - NoC - INFO - Time 1.00: Router2 send data10 to router3.
2025-02-14 14:19:02 - NoC - INFO - Time 1.00: Router2 finished sending data10 to router3.
2025-02-14 14:19:02 - NoC - INFO - Time 1.00: Router4 send data19 to router5.
2025-02-14 14:19:02 - NoC - INFO - Time 1.00: Router4 finished sending data19 to router5.
2025-02-14 14:19:02 - NoC - INFO - Time 1.00: Router6 send data25 to router7.
2025-02-14 14:19:02 - NoC - INFO - Time 1.00: Router6 finished sending data25 to router7.
2025-02-14 14:19:02 - NoC - INFO - Time 1.00: Router8 send data37 to router9.
2025-02-14 14:19:02 - NoC - INFO - Time 1.00: Router8 finished sending data37 to router9.
2025-02-14 14:19:02 - NoC - INFO - Time 1.00: Router10 send data43 to router11.
2025-02-14 14:19:02 - NoC - INFO - Time 1.00: Router10 finished sending data43 to router11.
2025-02-14 14:19:02 - NoC - INFO - Time 1.00: Router12 send data52 to router13.
2025-02-14 14:19:02 - NoC - INFO - Time 1.00: Router12 finished sending data52 to router13.
2025-02-14 14:19:02 - NoC - INFO - Time 1.00: Router14 send data58 to router15.
2025-02-14 14:19:02 - NoC - INFO - Time 1.00: Router14 finished sending data58 to router15.
2025-02-14 14:19:02 - PE - INFO - Time 1.00: PE0 finish processing <class 'src.sim_type.Send'> task(id:4).
2025-02-14 14:19:02 - PE - INFO - Time 1.00: PE2 finish processing <class 'src.sim_type.Send'> task(id:10).
2025-02-14 14:19:02 - PE - INFO - Time 1.00: PE4 finish processing <class 'src.sim_type.Send'> task(id:19).
2025-02-14 14:19:02 - PE - INFO - Time 1.00: PE6 finish processing <class 'src.sim_type.Send'> task(id:25).
2025-02-14 14:19:02 - PE - INFO - Time 1.00: PE8 finish processing <class 'src.sim_type.Send'> task(id:37).
2025-02-14 14:19:02 - PE - INFO - Time 1.00: PE10 finish processing <class 'src.sim_type.Send'> task(id:43).
2025-02-14 14:19:02 - PE - INFO - Time 1.00: PE12 finish processing <class 'src.sim_type.Send'> task(id:52).
2025-02-14 14:19:02 - PE - INFO - Time 1.00: PE14 finish processing <class 'src.sim_type.Send'> task(id:58).
2025-02-14 14:19:02 - NoC - INFO - Time 3.00: Router2 send data13 to router3.
2025-02-14 14:19:02 - NoC - INFO - Time 3.00: Router2 finished sending data13 to router3.
2025-02-14 14:19:02 - NoC - INFO - Time 3.00: Router6 send data28 to router7.
2025-02-14 14:19:02 - NoC - INFO - Time 3.00: Router6 finished sending data28 to router7.
2025-02-14 14:19:02 - NoC - INFO - Time 3.00: Router10 send data46 to router11.
2025-02-14 14:19:02 - NoC - INFO - Time 3.00: Router10 finished sending data46 to router11.
2025-02-14 14:19:02 - NoC - INFO - Time 3.00: Router14 send data61 to router15.
2025-02-14 14:19:02 - NoC - INFO - Time 3.00: Router14 finished sending data61 to router15.
2025-02-14 14:19:02 - NoC - INFO - Time 5.00: Finish routing data31 to router7.
2025-02-14 14:19:02 - NoC - INFO - Time 5.00: Finish routing data64 to router15.
2025-02-14 14:19:02 - NoC - INFO - Time 5.00: Finish routing data4 to router1.
2025-02-14 14:19:02 - NoC - INFO - Time 5.00: Finish routing data10 to router3.
2025-02-14 14:19:02 - NoC - INFO - Time 5.00: Finish routing data19 to router5.
2025-02-14 14:19:02 - NoC - INFO - Time 5.00: Finish routing data37 to router9.
2025-02-14 14:19:02 - NoC - INFO - Time 5.00: Finish routing data43 to router11.
2025-02-14 14:19:02 - NoC - INFO - Time 5.00: Finish routing data52 to router13.
2025-02-14 14:19:02 - PE - INFO - Time 5.00: PE7 add a <class 'src.sim_type.Conv'> task(id:32) into running queue.
2025-02-14 14:19:02 - PE - INFO - Time 5.00: PE15 add a <class 'src.sim_type.Conv'> task(id:65) into running queue.
2025-02-14 14:19:02 - PE - INFO - Time 5.00: PE1 add a <class 'src.sim_type.Conv'> task(id:5) into running queue.
2025-02-14 14:19:02 - PE - INFO - Time 5.00: PE3 add a <class 'src.sim_type.Conv'> task(id:11) into running queue.
2025-02-14 14:19:02 - PE - INFO - Time 5.00: PE5 add a <class 'src.sim_type.Conv'> task(id:20) into running queue.
2025-02-14 14:19:02 - PE - INFO - Time 5.00: PE9 add a <class 'src.sim_type.Conv'> task(id:38) into running queue.
2025-02-14 14:19:02 - PE - INFO - Time 5.00: PE11 add a <class 'src.sim_type.Conv'> task(id:44) into running queue.
2025-02-14 14:19:02 - PE - INFO - Time 5.00: PE13 add a <class 'src.sim_type.Conv'> task(id:53) into running queue.
2025-02-14 14:19:02 - PE - INFO - Time 6.00: PE7 finish processing <class 'src.sim_type.Conv'> task(id:32).
2025-02-14 14:19:02 - PE - INFO - Time 6.00: PE15 finish processing <class 'src.sim_type.Conv'> task(id:65).
2025-02-14 14:19:02 - PE - INFO - Time 6.00: PE1 finish processing <class 'src.sim_type.Conv'> task(id:5).
2025-02-14 14:19:02 - PE - INFO - Time 6.00: PE3 finish processing <class 'src.sim_type.Conv'> task(id:11).
2025-02-14 14:19:02 - PE - INFO - Time 6.00: PE5 finish processing <class 'src.sim_type.Conv'> task(id:20).
2025-02-14 14:19:02 - PE - INFO - Time 6.00: PE9 finish processing <class 'src.sim_type.Conv'> task(id:38).
2025-02-14 14:19:02 - PE - INFO - Time 6.00: PE11 finish processing <class 'src.sim_type.Conv'> task(id:44).
2025-02-14 14:19:02 - PE - INFO - Time 6.00: PE13 finish processing <class 'src.sim_type.Conv'> task(id:53).
2025-02-14 14:19:02 - NoC - INFO - Time 7.00: Finish routing data25 to router7.
2025-02-14 14:19:02 - NoC - INFO - Time 7.00: Finish routing data58 to router15.
2025-02-14 14:19:02 - NoC - INFO - Time 7.00: Finish routing data13 to router3.
2025-02-14 14:19:02 - NoC - INFO - Time 7.00: Finish routing data46 to router11.
2025-02-14 14:19:02 - PE - INFO - Time 7.00: PE7 add a <class 'src.sim_type.Conv'> task(id:26) into running queue.
2025-02-14 14:19:02 - PE - INFO - Time 7.00: PE15 add a <class 'src.sim_type.Conv'> task(id:59) into running queue.
2025-02-14 14:19:02 - PE - INFO - Time 7.00: PE3 add a <class 'src.sim_type.Conv'> task(id:14) into running queue.
2025-02-14 14:19:02 - PE - INFO - Time 7.00: PE11 add a <class 'src.sim_type.Conv'> task(id:47) into running queue.
2025-02-14 14:19:02 - PE - INFO - Time 8.00: PE7 finish processing <class 'src.sim_type.Conv'> task(id:26).
2025-02-14 14:19:02 - PE - INFO - Time 8.00: PE15 finish processing <class 'src.sim_type.Conv'> task(id:59).
2025-02-14 14:19:02 - PE - INFO - Time 8.00: PE3 finish processing <class 'src.sim_type.Conv'> task(id:14).
2025-02-14 14:19:02 - PE - INFO - Time 8.00: PE11 finish processing <class 'src.sim_type.Conv'> task(id:47).
2025-02-14 14:19:02 - NoC - INFO - Time 9.00: Finish routing data28 to router7.
2025-02-14 14:19:02 - NoC - INFO - Time 9.00: Finish routing data61 to router15.
2025-02-14 14:19:02 - PE - INFO - Time 9.00: PE7 add a <class 'src.sim_type.Conv'> task(id:29) into running queue.
2025-02-14 14:19:02 - PE - INFO - Time 9.00: PE15 add a <class 'src.sim_type.Conv'> task(id:62) into running queue.
2025-02-14 14:19:02 - PE - INFO - Time 10.00: PE7 finish processing <class 'src.sim_type.Conv'> task(id:29).
2025-02-14 14:19:02 - PE - INFO - Time 10.00: PE7 add a <class 'src.sim_type.Send'> task(id:67) into running queue.
2025-02-14 14:19:02 - PE - INFO - Time 10.00: PE15 finish processing <class 'src.sim_type.Conv'> task(id:62).
2025-02-14 14:19:02 - PE - INFO - Time 10.00: PE15 add a <class 'src.sim_type.Stay'> task(id:69) into running queue.
2025-02-14 14:19:02 - PE - INFO - Time 10.00: PE15 add a <class 'src.sim_type.Write'> task(id:70) into running queue.
2025-02-14 14:19:02 - NoC - INFO - Time 10.00: Router7 send data67 to router11.
2025-02-14 14:19:02 - NoC - INFO - Time 10.00: Router7 finished sending data67 to router11.
2025-02-14 14:19:02 - PE - INFO - Time 10.00: PE7 finish processing <class 'src.sim_type.Send'> task(id:67).
2025-02-14 14:19:02 - PE - INFO - Time 11.00: PE15 finish processing <class 'src.sim_type.Stay'> task(id:69).
2025-02-14 14:19:02 - PE - INFO - Time 11.00: PE15 finish processing <class 'src.sim_type.Write'> task(id:70).
2025-02-14 14:19:02 - NoC - INFO - Time 12.00: Router11 send data67 to router15.
2025-02-14 14:19:02 - NoC - INFO - Time 12.00: Router11 finished sending data67 to router15.
2025-02-14 14:19:02 - NoC - INFO - Time 16.00: Finish routing data67 to router15.
2025-02-14 14:19:02 - PE - INFO - Time 16.00: PE15 add a <class 'src.sim_type.Conv'> task(id:68) into running queue.
2025-02-14 14:19:02 - PE - INFO - Time 17.00: PE15 finish processing <class 'src.sim_type.Conv'> task(id:68).
