2025-01-15 21:07:37 - PE - INFO - Time 0.00: PE0 is processing a <class 'src.sim_type.Read'> task(id:37)
2025-01-15 21:07:37 - PE - INFO - Time 0.00: PE0 finish processing a <class 'src.sim_type.Read'> task(id:37)
2025-01-15 21:07:37 - PE - INFO - Time 0.00: PE0 is processing a <class 'src.sim_type.Read'> task(id:38)
2025-01-15 21:07:37 - PE - INFO - Time 0.00: PE0 finish processing a <class 'src.sim_type.Read'> task(id:38)
2025-01-15 21:07:37 - PE - INFO - Time 0.00: PE0 is processing a <class 'src.sim_type.Read'> task(id:101)
2025-01-15 21:07:37 - PE - INFO - Time 0.00: PE0 finish processing a <class 'src.sim_type.Read'> task(id:101)
2025-01-15 21:07:37 - PE - INFO - Time 0.00: PE0 is processing a <class 'src.sim_type.Stay'> task(id:102)
2025-01-15 21:07:37 - PE - INFO - Time 0.00: PE0 finish processing a <class 'src.sim_type.Stay'> task(id:102)
2025-01-15 21:07:37 - PE - INFO - Time 0.00: PE0 is processing a <class 'src.sim_type.Read'> task(id:181)
2025-01-15 21:07:37 - PE - INFO - Time 0.00: PE0 finish processing a <class 'src.sim_type.Read'> task(id:181)
2025-01-15 21:07:37 - PE - INFO - Time 0.00: PE0 is processing a <class 'src.sim_type.Conv'> task(id:39)
2025-01-15 21:07:37 - PE - INFO - Time 0.00: PE0 finish processing a <class 'src.sim_type.Conv'> task(id:39)
2025-01-15 21:07:37 - PE - INFO - Time 0.00: PE0 is processing a <class 'src.sim_type.Pool'> task(id:103)
2025-01-15 21:07:37 - PE - INFO - Time 0.00: PE0 finish processing a <class 'src.sim_type.Pool'> task(id:103)
2025-01-15 21:07:37 - PE - INFO - Time 0.00: PE0 is processing a <class 'src.sim_type.Write'> task(id:61)
2025-01-15 21:07:37 - PE - INFO - Time 0.00: PE0 finish processing a <class 'src.sim_type.Write'> task(id:61)
2025-01-15 21:07:37 - PE - INFO - Time 0.00: PE0 is processing a <class 'src.sim_type.Write'> task(id:125)
2025-01-15 21:07:37 - PE - INFO - Time 0.00: PE0 finish processing a <class 'src.sim_type.Write'> task(id:125)
2025-01-15 21:07:37 - PE - INFO - Time 0.00: PE0 is processing a <class 'src.sim_type.Send'> task(id:142)
2025-01-15 21:07:37 - PE - INFO - Time 0.00: PE0 finish processing a <class 'src.sim_type.Send'> task(id:142)
2025-01-15 21:07:37 - PE - INFO - Time 0.00: PE0 is processing a <class 'src.sim_type.Read'> task(id:250)
2025-01-15 21:07:37 - PE - INFO - Time 0.00: PE0 finish processing a <class 'src.sim_type.Read'> task(id:250)
2025-01-15 21:07:37 - PE - INFO - Time 0.00: PE1 is processing a <class 'src.sim_type.Read'> task(id:40)
2025-01-15 21:07:37 - PE - INFO - Time 0.00: PE1 finish processing a <class 'src.sim_type.Read'> task(id:40)
2025-01-15 21:07:37 - PE - INFO - Time 0.00: PE1 is processing a <class 'src.sim_type.Read'> task(id:41)
2025-01-15 21:07:37 - PE - INFO - Time 0.00: PE1 finish processing a <class 'src.sim_type.Read'> task(id:41)
2025-01-15 21:07:37 - PE - INFO - Time 0.00: PE1 is processing a <class 'src.sim_type.Read'> task(id:104)
2025-01-15 21:07:37 - PE - INFO - Time 0.00: PE1 finish processing a <class 'src.sim_type.Read'> task(id:104)
2025-01-15 21:07:37 - PE - INFO - Time 0.00: PE1 is processing a <class 'src.sim_type.Stay'> task(id:105)
2025-01-15 21:07:37 - PE - INFO - Time 0.00: PE1 finish processing a <class 'src.sim_type.Stay'> task(id:105)
2025-01-15 21:07:37 - PE - INFO - Time 0.00: PE1 is processing a <class 'src.sim_type.Read'> task(id:184)
2025-01-15 21:07:37 - PE - INFO - Time 0.00: PE1 finish processing a <class 'src.sim_type.Read'> task(id:184)
2025-01-15 21:07:37 - PE - INFO - Time 0.00: PE1 is processing a <class 'src.sim_type.Conv'> task(id:42)
2025-01-15 21:07:37 - PE - INFO - Time 0.00: PE1 finish processing a <class 'src.sim_type.Conv'> task(id:42)
2025-01-15 21:07:37 - PE - INFO - Time 0.00: PE1 is processing a <class 'src.sim_type.Pool'> task(id:106)
2025-01-15 21:07:37 - PE - INFO - Time 0.00: PE1 finish processing a <class 'src.sim_type.Pool'> task(id:106)
2025-01-15 21:07:37 - PE - INFO - Time 0.00: PE1 is processing a <class 'src.sim_type.Write'> task(id:62)
2025-01-15 21:07:37 - PE - INFO - Time 0.00: PE1 finish processing a <class 'src.sim_type.Write'> task(id:62)
2025-01-15 21:07:37 - PE - INFO - Time 0.00: PE1 is processing a <class 'src.sim_type.Write'> task(id:126)
2025-01-15 21:07:37 - PE - INFO - Time 0.00: PE1 finish processing a <class 'src.sim_type.Write'> task(id:126)
2025-01-15 21:07:37 - PE - INFO - Time 0.00: PE1 is processing a <class 'src.sim_type.Send'> task(id:143)
2025-01-15 21:07:37 - PE - INFO - Time 0.00: PE1 finish processing a <class 'src.sim_type.Send'> task(id:143)
2025-01-15 21:07:37 - PE - INFO - Time 0.00: PE1 is processing a <class 'src.sim_type.Read'> task(id:253)
2025-01-15 21:07:37 - PE - INFO - Time 0.00: PE1 finish processing a <class 'src.sim_type.Read'> task(id:253)
2025-01-15 21:07:37 - PE - INFO - Time 0.00: PE1 is processing a <class 'src.sim_type.Stay'> task(id:254)
2025-01-15 21:07:37 - PE - INFO - Time 0.00: PE1 finish processing a <class 'src.sim_type.Stay'> task(id:254)
2025-01-15 21:07:37 - PE - INFO - Time 0.00: PE1 is processing a <class 'src.sim_type.Conv'> task(id:256)
2025-01-15 21:07:37 - PE - INFO - Time 0.00: PE1 finish processing a <class 'src.sim_type.Conv'> task(id:256)
2025-01-15 21:07:37 - PE - INFO - Time 0.00: PE1 is processing a <class 'src.sim_type.Write'> task(id:277)
2025-01-15 21:07:37 - PE - INFO - Time 0.00: PE1 finish processing a <class 'src.sim_type.Write'> task(id:277)
2025-01-15 21:07:37 - PE - INFO - Time 0.00: PE2 is processing a <class 'src.sim_type.Read'> task(id:43)
2025-01-15 21:07:37 - PE - INFO - Time 0.00: PE2 finish processing a <class 'src.sim_type.Read'> task(id:43)
2025-01-15 21:07:37 - PE - INFO - Time 0.00: PE2 is processing a <class 'src.sim_type.Read'> task(id:44)
2025-01-15 21:07:37 - PE - INFO - Time 0.00: PE2 finish processing a <class 'src.sim_type.Read'> task(id:44)
2025-01-15 21:07:37 - PE - INFO - Time 0.00: PE2 is processing a <class 'src.sim_type.Read'> task(id:107)
2025-01-15 21:07:37 - PE - INFO - Time 0.00: PE2 finish processing a <class 'src.sim_type.Read'> task(id:107)
2025-01-15 21:07:37 - PE - INFO - Time 0.00: PE2 is processing a <class 'src.sim_type.Stay'> task(id:108)
2025-01-15 21:07:37 - PE - INFO - Time 0.00: PE2 finish processing a <class 'src.sim_type.Stay'> task(id:108)
2025-01-15 21:07:37 - PE - INFO - Time 0.00: PE2 is processing a <class 'src.sim_type.Read'> task(id:187)
2025-01-15 21:07:37 - PE - INFO - Time 0.00: PE2 finish processing a <class 'src.sim_type.Read'> task(id:187)
2025-01-15 21:07:37 - PE - INFO - Time 0.00: PE2 is processing a <class 'src.sim_type.Conv'> task(id:45)
2025-01-15 21:07:37 - PE - INFO - Time 0.00: PE2 finish processing a <class 'src.sim_type.Conv'> task(id:45)
2025-01-15 21:07:37 - PE - INFO - Time 0.00: PE2 is processing a <class 'src.sim_type.Pool'> task(id:109)
2025-01-15 21:07:37 - PE - INFO - Time 0.00: PE2 finish processing a <class 'src.sim_type.Pool'> task(id:109)
2025-01-15 21:07:37 - PE - INFO - Time 0.00: PE2 is processing a <class 'src.sim_type.Write'> task(id:63)
2025-01-15 21:07:37 - PE - INFO - Time 0.00: PE2 finish processing a <class 'src.sim_type.Write'> task(id:63)
2025-01-15 21:07:37 - PE - INFO - Time 0.00: PE2 is processing a <class 'src.sim_type.Write'> task(id:127)
2025-01-15 21:07:37 - PE - INFO - Time 0.00: PE2 finish processing a <class 'src.sim_type.Write'> task(id:127)
2025-01-15 21:07:37 - PE - INFO - Time 0.00: PE2 is processing a <class 'src.sim_type.Send'> task(id:144)
2025-01-15 21:07:37 - PE - INFO - Time 0.00: PE2 finish processing a <class 'src.sim_type.Send'> task(id:144)
2025-01-15 21:07:37 - PE - INFO - Time 0.00: PE2 is processing a <class 'src.sim_type.Read'> task(id:257)
2025-01-15 21:07:37 - PE - INFO - Time 0.00: PE2 finish processing a <class 'src.sim_type.Read'> task(id:257)
2025-01-15 21:07:37 - PE - INFO - Time 0.00: PE2 is processing a <class 'src.sim_type.Stay'> task(id:258)
2025-01-15 21:07:37 - PE - INFO - Time 0.00: PE2 finish processing a <class 'src.sim_type.Stay'> task(id:258)
2025-01-15 21:07:37 - PE - INFO - Time 0.00: PE2 is processing a <class 'src.sim_type.Conv'> task(id:260)
2025-01-15 21:07:37 - PE - INFO - Time 0.00: PE2 finish processing a <class 'src.sim_type.Conv'> task(id:260)
2025-01-15 21:07:37 - PE - INFO - Time 0.00: PE2 is processing a <class 'src.sim_type.Write'> task(id:278)
2025-01-15 21:07:37 - PE - INFO - Time 0.00: PE2 finish processing a <class 'src.sim_type.Write'> task(id:278)
2025-01-15 21:07:37 - PE - INFO - Time 0.00: PE2 is processing a <class 'src.sim_type.Send'> task(id:301)
2025-01-15 21:07:37 - PE - INFO - Time 0.00: PE2 finish processing a <class 'src.sim_type.Send'> task(id:301)
2025-01-15 21:07:37 - PE - INFO - Time 0.00: PE3 is processing a <class 'src.sim_type.Read'> task(id:46)
2025-01-15 21:07:37 - PE - INFO - Time 0.00: PE3 finish processing a <class 'src.sim_type.Read'> task(id:46)
2025-01-15 21:07:37 - PE - INFO - Time 0.00: PE3 is processing a <class 'src.sim_type.Read'> task(id:47)
2025-01-15 21:07:37 - PE - INFO - Time 0.00: PE3 finish processing a <class 'src.sim_type.Read'> task(id:47)
2025-01-15 21:07:37 - PE - INFO - Time 0.00: PE3 is processing a <class 'src.sim_type.Read'> task(id:110)
2025-01-15 21:07:37 - PE - INFO - Time 0.00: PE3 finish processing a <class 'src.sim_type.Read'> task(id:110)
2025-01-15 21:07:37 - PE - INFO - Time 0.00: PE3 is processing a <class 'src.sim_type.Stay'> task(id:111)
2025-01-15 21:07:37 - PE - INFO - Time 0.00: PE3 finish processing a <class 'src.sim_type.Stay'> task(id:111)
2025-01-15 21:07:37 - PE - INFO - Time 0.00: PE3 is processing a <class 'src.sim_type.Read'> task(id:190)
2025-01-15 21:07:37 - PE - INFO - Time 0.00: PE3 finish processing a <class 'src.sim_type.Read'> task(id:190)
2025-01-15 21:07:37 - PE - INFO - Time 0.00: PE3 is processing a <class 'src.sim_type.Conv'> task(id:48)
2025-01-15 21:07:37 - PE - INFO - Time 0.00: PE3 finish processing a <class 'src.sim_type.Conv'> task(id:48)
2025-01-15 21:07:37 - PE - INFO - Time 0.00: PE3 is processing a <class 'src.sim_type.Pool'> task(id:112)
2025-01-15 21:07:37 - PE - INFO - Time 0.00: PE3 finish processing a <class 'src.sim_type.Pool'> task(id:112)
2025-01-15 21:07:37 - PE - INFO - Time 0.00: PE3 is processing a <class 'src.sim_type.Write'> task(id:64)
2025-01-15 21:07:37 - PE - INFO - Time 0.00: PE3 finish processing a <class 'src.sim_type.Write'> task(id:64)
2025-01-15 21:07:37 - PE - INFO - Time 0.00: PE3 is processing a <class 'src.sim_type.Write'> task(id:128)
2025-01-15 21:07:37 - PE - INFO - Time 0.00: PE3 finish processing a <class 'src.sim_type.Write'> task(id:128)
2025-01-15 21:07:37 - PE - INFO - Time 0.00: PE3 is processing a <class 'src.sim_type.Send'> task(id:145)
2025-01-15 21:07:37 - PE - INFO - Time 0.00: PE3 finish processing a <class 'src.sim_type.Send'> task(id:145)
2025-01-15 21:07:37 - PE - INFO - Time 0.00: PE3 is processing a <class 'src.sim_type.Read'> task(id:261)
2025-01-15 21:07:37 - PE - INFO - Time 0.00: PE3 finish processing a <class 'src.sim_type.Read'> task(id:261)
2025-01-15 21:07:37 - PE - INFO - Time 0.00: PE3 is processing a <class 'src.sim_type.Stay'> task(id:262)
2025-01-15 21:07:37 - PE - INFO - Time 0.00: PE3 finish processing a <class 'src.sim_type.Stay'> task(id:262)
2025-01-15 21:07:37 - PE - INFO - Time 0.00: PE3 is processing a <class 'src.sim_type.Read'> task(id:298)
2025-01-15 21:07:37 - PE - INFO - Time 0.00: PE3 finish processing a <class 'src.sim_type.Read'> task(id:298)
2025-01-15 21:07:37 - PE - INFO - Time 0.00: PE3 is processing a <class 'src.sim_type.Conv'> task(id:263)
2025-01-15 21:07:37 - PE - INFO - Time 0.00: PE3 finish processing a <class 'src.sim_type.Conv'> task(id:263)
2025-01-15 21:07:37 - PE - INFO - Time 0.00: PE3 is processing a <class 'src.sim_type.Write'> task(id:279)
2025-01-15 21:07:37 - PE - INFO - Time 0.00: PE3 finish processing a <class 'src.sim_type.Write'> task(id:279)
2025-01-15 21:07:37 - PE - INFO - Time 0.00: PE4 is processing a <class 'src.sim_type.Read'> task(id:25)
2025-01-15 21:07:37 - PE - INFO - Time 0.00: PE4 finish processing a <class 'src.sim_type.Read'> task(id:25)
2025-01-15 21:07:37 - PE - INFO - Time 0.00: PE4 is processing a <class 'src.sim_type.Read'> task(id:26)
2025-01-15 21:07:37 - PE - INFO - Time 0.00: PE4 finish processing a <class 'src.sim_type.Read'> task(id:26)
2025-01-15 21:07:37 - PE - INFO - Time 0.00: PE4 is processing a <class 'src.sim_type.Read'> task(id:89)
2025-01-15 21:07:37 - PE - INFO - Time 0.00: PE4 finish processing a <class 'src.sim_type.Read'> task(id:89)
2025-01-15 21:07:37 - PE - INFO - Time 0.00: PE4 is processing a <class 'src.sim_type.Stay'> task(id:90)
2025-01-15 21:07:37 - PE - INFO - Time 0.00: PE4 finish processing a <class 'src.sim_type.Stay'> task(id:90)
2025-01-15 21:07:37 - PE - INFO - Time 0.00: PE4 is processing a <class 'src.sim_type.Read'> task(id:172)
2025-01-15 21:07:37 - PE - INFO - Time 0.00: PE4 finish processing a <class 'src.sim_type.Read'> task(id:172)
2025-01-15 21:07:37 - PE - INFO - Time 0.00: PE4 is processing a <class 'src.sim_type.Conv'> task(id:27)
2025-01-15 21:07:37 - PE - INFO - Time 0.00: PE4 finish processing a <class 'src.sim_type.Conv'> task(id:27)
2025-01-15 21:07:37 - PE - INFO - Time 0.00: PE4 is processing a <class 'src.sim_type.Pool'> task(id:91)
2025-01-15 21:07:37 - PE - INFO - Time 0.00: PE4 finish processing a <class 'src.sim_type.Pool'> task(id:91)
2025-01-15 21:07:37 - PE - INFO - Time 0.00: PE4 is processing a <class 'src.sim_type.Write'> task(id:57)
2025-01-15 21:07:37 - PE - INFO - Time 0.00: PE4 finish processing a <class 'src.sim_type.Write'> task(id:57)
2025-01-15 21:07:37 - PE - INFO - Time 0.00: PE4 is processing a <class 'src.sim_type.Write'> task(id:121)
2025-01-15 21:07:37 - PE - INFO - Time 0.00: PE4 finish processing a <class 'src.sim_type.Write'> task(id:121)
2025-01-15 21:07:37 - PE - INFO - Time 0.00: PE4 is processing a <class 'src.sim_type.Send'> task(id:138)
2025-01-15 21:07:37 - PE - INFO - Time 0.00: PE4 finish processing a <class 'src.sim_type.Send'> task(id:138)
2025-01-15 21:07:37 - PE - INFO - Time 0.00: PE4 is processing a <class 'src.sim_type.Read'> task(id:235)
2025-01-15 21:07:37 - PE - INFO - Time 0.00: PE4 finish processing a <class 'src.sim_type.Read'> task(id:235)
2025-01-15 21:07:37 - PE - INFO - Time 0.00: PE5 is processing a <class 'src.sim_type.Read'> task(id:28)
2025-01-15 21:07:37 - PE - INFO - Time 0.00: PE5 finish processing a <class 'src.sim_type.Read'> task(id:28)
2025-01-15 21:07:37 - PE - INFO - Time 0.00: PE5 is processing a <class 'src.sim_type.Read'> task(id:29)
2025-01-15 21:07:37 - PE - INFO - Time 0.00: PE5 finish processing a <class 'src.sim_type.Read'> task(id:29)
2025-01-15 21:07:37 - PE - INFO - Time 0.00: PE5 is processing a <class 'src.sim_type.Read'> task(id:92)
2025-01-15 21:07:37 - PE - INFO - Time 0.00: PE5 finish processing a <class 'src.sim_type.Read'> task(id:92)
2025-01-15 21:07:37 - PE - INFO - Time 0.00: PE5 is processing a <class 'src.sim_type.Stay'> task(id:93)
2025-01-15 21:07:37 - PE - INFO - Time 0.00: PE5 finish processing a <class 'src.sim_type.Stay'> task(id:93)
2025-01-15 21:07:37 - PE - INFO - Time 0.00: PE5 is processing a <class 'src.sim_type.Read'> task(id:150)
2025-01-15 21:07:37 - PE - INFO - Time 0.00: PE5 finish processing a <class 'src.sim_type.Read'> task(id:150)
2025-01-15 21:07:37 - PE - INFO - Time 0.00: PE5 is processing a <class 'src.sim_type.Conv'> task(id:30)
2025-01-15 21:07:37 - PE - INFO - Time 0.00: PE5 finish processing a <class 'src.sim_type.Conv'> task(id:30)
2025-01-15 21:07:37 - PE - INFO - Time 0.00: PE5 is processing a <class 'src.sim_type.Pool'> task(id:94)
2025-01-15 21:07:37 - PE - INFO - Time 0.00: PE5 finish processing a <class 'src.sim_type.Pool'> task(id:94)
2025-01-15 21:07:37 - PE - INFO - Time 0.00: PE5 is processing a <class 'src.sim_type.Write'> task(id:58)
2025-01-15 21:07:37 - PE - INFO - Time 0.00: PE5 finish processing a <class 'src.sim_type.Write'> task(id:58)
2025-01-15 21:07:37 - PE - INFO - Time 0.00: PE5 is processing a <class 'src.sim_type.Write'> task(id:122)
2025-01-15 21:07:37 - PE - INFO - Time 0.00: PE5 finish processing a <class 'src.sim_type.Write'> task(id:122)
2025-01-15 21:07:37 - PE - INFO - Time 0.00: PE5 is processing a <class 'src.sim_type.Send'> task(id:139)
2025-01-15 21:07:37 - PE - INFO - Time 0.00: PE5 finish processing a <class 'src.sim_type.Send'> task(id:139)
2025-01-15 21:07:37 - PE - INFO - Time 0.00: PE5 is processing a <class 'src.sim_type.Read'> task(id:238)
2025-01-15 21:07:37 - PE - INFO - Time 0.00: PE5 finish processing a <class 'src.sim_type.Read'> task(id:238)
2025-01-15 21:07:37 - PE - INFO - Time 0.00: PE5 is processing a <class 'src.sim_type.Read'> task(id:331)
2025-01-15 21:07:37 - PE - INFO - Time 0.00: PE5 finish processing a <class 'src.sim_type.Read'> task(id:331)
2025-01-15 21:07:37 - PE - INFO - Time 0.00: PE6 is processing a <class 'src.sim_type.Read'> task(id:31)
2025-01-15 21:07:37 - PE - INFO - Time 0.00: PE6 finish processing a <class 'src.sim_type.Read'> task(id:31)
2025-01-15 21:07:37 - PE - INFO - Time 0.00: PE6 is processing a <class 'src.sim_type.Read'> task(id:32)
2025-01-15 21:07:37 - PE - INFO - Time 0.00: PE6 finish processing a <class 'src.sim_type.Read'> task(id:32)
2025-01-15 21:07:37 - PE - INFO - Time 0.00: PE6 is processing a <class 'src.sim_type.Read'> task(id:95)
2025-01-15 21:07:37 - PE - INFO - Time 0.00: PE6 finish processing a <class 'src.sim_type.Read'> task(id:95)
2025-01-15 21:07:37 - PE - INFO - Time 0.00: PE6 is processing a <class 'src.sim_type.Stay'> task(id:96)
2025-01-15 21:07:37 - PE - INFO - Time 0.00: PE6 finish processing a <class 'src.sim_type.Stay'> task(id:96)
2025-01-15 21:07:37 - PE - INFO - Time 0.00: PE6 is processing a <class 'src.sim_type.Read'> task(id:175)
2025-01-15 21:07:37 - PE - INFO - Time 0.00: PE6 finish processing a <class 'src.sim_type.Read'> task(id:175)
2025-01-15 21:07:37 - PE - INFO - Time 0.00: PE6 is processing a <class 'src.sim_type.Conv'> task(id:33)
2025-01-15 21:07:37 - PE - INFO - Time 0.00: PE6 finish processing a <class 'src.sim_type.Conv'> task(id:33)
2025-01-15 21:07:37 - PE - INFO - Time 0.00: PE6 is processing a <class 'src.sim_type.Pool'> task(id:97)
2025-01-15 21:07:37 - PE - INFO - Time 0.00: PE6 finish processing a <class 'src.sim_type.Pool'> task(id:97)
2025-01-15 21:07:37 - PE - INFO - Time 0.00: PE6 is processing a <class 'src.sim_type.Write'> task(id:59)
2025-01-15 21:07:37 - PE - INFO - Time 0.00: PE6 finish processing a <class 'src.sim_type.Write'> task(id:59)
2025-01-15 21:07:37 - PE - INFO - Time 0.00: PE6 is processing a <class 'src.sim_type.Write'> task(id:123)
2025-01-15 21:07:37 - PE - INFO - Time 0.00: PE6 finish processing a <class 'src.sim_type.Write'> task(id:123)
2025-01-15 21:07:37 - PE - INFO - Time 0.00: PE6 is processing a <class 'src.sim_type.Send'> task(id:140)
2025-01-15 21:07:37 - PE - INFO - Time 0.00: PE6 finish processing a <class 'src.sim_type.Send'> task(id:140)
2025-01-15 21:07:37 - PE - INFO - Time 0.00: PE6 is processing a <class 'src.sim_type.Read'> task(id:242)
2025-01-15 21:07:37 - PE - INFO - Time 0.00: PE6 finish processing a <class 'src.sim_type.Read'> task(id:242)
2025-01-15 21:07:37 - PE - INFO - Time 0.00: PE7 is processing a <class 'src.sim_type.Read'> task(id:34)
2025-01-15 21:07:37 - PE - INFO - Time 0.00: PE7 finish processing a <class 'src.sim_type.Read'> task(id:34)
2025-01-15 21:07:37 - PE - INFO - Time 0.00: PE7 is processing a <class 'src.sim_type.Read'> task(id:35)
2025-01-15 21:07:37 - PE - INFO - Time 0.00: PE7 finish processing a <class 'src.sim_type.Read'> task(id:35)
2025-01-15 21:07:37 - PE - INFO - Time 0.00: PE7 is processing a <class 'src.sim_type.Read'> task(id:98)
2025-01-15 21:07:37 - PE - INFO - Time 0.00: PE7 finish processing a <class 'src.sim_type.Read'> task(id:98)
2025-01-15 21:07:37 - PE - INFO - Time 0.00: PE7 is processing a <class 'src.sim_type.Stay'> task(id:99)
2025-01-15 21:07:37 - PE - INFO - Time 0.00: PE7 finish processing a <class 'src.sim_type.Stay'> task(id:99)
2025-01-15 21:07:37 - PE - INFO - Time 0.00: PE7 is processing a <class 'src.sim_type.Read'> task(id:178)
2025-01-15 21:07:37 - PE - INFO - Time 0.00: PE7 finish processing a <class 'src.sim_type.Read'> task(id:178)
2025-01-15 21:07:37 - PE - INFO - Time 0.00: PE7 is processing a <class 'src.sim_type.Conv'> task(id:36)
2025-01-15 21:07:37 - PE - INFO - Time 0.00: PE7 finish processing a <class 'src.sim_type.Conv'> task(id:36)
2025-01-15 21:07:37 - PE - INFO - Time 0.00: PE7 is processing a <class 'src.sim_type.Pool'> task(id:100)
2025-01-15 21:07:37 - PE - INFO - Time 0.00: PE7 finish processing a <class 'src.sim_type.Pool'> task(id:100)
2025-01-15 21:07:37 - PE - INFO - Time 0.00: PE7 is processing a <class 'src.sim_type.Write'> task(id:60)
2025-01-15 21:07:37 - PE - INFO - Time 0.00: PE7 finish processing a <class 'src.sim_type.Write'> task(id:60)
2025-01-15 21:07:37 - PE - INFO - Time 0.00: PE7 is processing a <class 'src.sim_type.Write'> task(id:124)
2025-01-15 21:07:37 - PE - INFO - Time 0.00: PE7 finish processing a <class 'src.sim_type.Write'> task(id:124)
2025-01-15 21:07:37 - PE - INFO - Time 0.00: PE7 is processing a <class 'src.sim_type.Send'> task(id:141)
2025-01-15 21:07:37 - PE - INFO - Time 0.00: PE7 finish processing a <class 'src.sim_type.Send'> task(id:141)
2025-01-15 21:07:37 - PE - INFO - Time 0.00: PE7 is processing a <class 'src.sim_type.Read'> task(id:246)
2025-01-15 21:07:37 - PE - INFO - Time 0.00: PE7 finish processing a <class 'src.sim_type.Read'> task(id:246)
2025-01-15 21:07:37 - PE - INFO - Time 0.00: PE8 is processing a <class 'src.sim_type.Read'> task(id:13)
2025-01-15 21:07:37 - PE - INFO - Time 0.00: PE8 finish processing a <class 'src.sim_type.Read'> task(id:13)
2025-01-15 21:07:37 - PE - INFO - Time 0.00: PE8 is processing a <class 'src.sim_type.Read'> task(id:14)
2025-01-15 21:07:37 - PE - INFO - Time 0.00: PE8 finish processing a <class 'src.sim_type.Read'> task(id:14)
2025-01-15 21:07:37 - PE - INFO - Time 0.00: PE8 is processing a <class 'src.sim_type.Read'> task(id:77)
2025-01-15 21:07:37 - PE - INFO - Time 0.00: PE8 finish processing a <class 'src.sim_type.Read'> task(id:77)
2025-01-15 21:07:37 - PE - INFO - Time 0.00: PE8 is processing a <class 'src.sim_type.Stay'> task(id:78)
2025-01-15 21:07:37 - PE - INFO - Time 0.00: PE8 finish processing a <class 'src.sim_type.Stay'> task(id:78)
2025-01-15 21:07:37 - PE - INFO - Time 0.00: PE8 is processing a <class 'src.sim_type.Read'> task(id:153)
2025-01-15 21:07:37 - PE - INFO - Time 0.00: PE8 finish processing a <class 'src.sim_type.Read'> task(id:153)
2025-01-15 21:07:37 - PE - INFO - Time 0.00: PE8 is processing a <class 'src.sim_type.Conv'> task(id:15)
2025-01-15 21:07:37 - PE - INFO - Time 0.00: PE8 finish processing a <class 'src.sim_type.Conv'> task(id:15)
2025-01-15 21:07:37 - PE - INFO - Time 0.00: PE8 is processing a <class 'src.sim_type.Pool'> task(id:79)
2025-01-15 21:07:37 - PE - INFO - Time 0.00: PE8 finish processing a <class 'src.sim_type.Pool'> task(id:79)
2025-01-15 21:07:37 - PE - INFO - Time 0.00: PE8 is processing a <class 'src.sim_type.Write'> task(id:53)
2025-01-15 21:07:37 - PE - INFO - Time 0.00: PE8 finish processing a <class 'src.sim_type.Write'> task(id:53)
2025-01-15 21:07:37 - PE - INFO - Time 0.00: PE8 is processing a <class 'src.sim_type.Write'> task(id:117)
2025-01-15 21:07:37 - PE - INFO - Time 0.00: PE8 finish processing a <class 'src.sim_type.Write'> task(id:117)
2025-01-15 21:07:37 - PE - INFO - Time 0.00: PE8 is processing a <class 'src.sim_type.Send'> task(id:134)
2025-01-15 21:07:37 - PE - INFO - Time 0.00: PE8 finish processing a <class 'src.sim_type.Send'> task(id:134)
2025-01-15 21:07:37 - PE - INFO - Time 0.00: PE9 is processing a <class 'src.sim_type.Read'> task(id:16)
2025-01-15 21:07:37 - PE - INFO - Time 0.00: PE9 finish processing a <class 'src.sim_type.Read'> task(id:16)
2025-01-15 21:07:37 - PE - INFO - Time 0.00: PE9 is processing a <class 'src.sim_type.Read'> task(id:17)
2025-01-15 21:07:37 - PE - INFO - Time 0.00: PE9 finish processing a <class 'src.sim_type.Read'> task(id:17)
2025-01-15 21:07:37 - PE - INFO - Time 0.00: PE9 is processing a <class 'src.sim_type.Read'> task(id:80)
2025-01-15 21:07:37 - PE - INFO - Time 0.00: PE9 finish processing a <class 'src.sim_type.Read'> task(id:80)
2025-01-15 21:07:37 - PE - INFO - Time 0.00: PE9 is processing a <class 'src.sim_type.Stay'> task(id:81)
2025-01-15 21:07:37 - PE - INFO - Time 0.00: PE9 finish processing a <class 'src.sim_type.Stay'> task(id:81)
2025-01-15 21:07:37 - PE - INFO - Time 0.00: PE9 is processing a <class 'src.sim_type.Read'> task(id:129)
2025-01-15 21:07:37 - PE - INFO - Time 0.00: PE9 finish processing a <class 'src.sim_type.Read'> task(id:129)
2025-01-15 21:07:37 - PE - INFO - Time 0.00: PE9 is processing a <class 'src.sim_type.Conv'> task(id:18)
2025-01-15 21:07:37 - PE - INFO - Time 0.00: PE9 finish processing a <class 'src.sim_type.Conv'> task(id:18)
2025-01-15 21:07:37 - PE - INFO - Time 0.00: PE9 is processing a <class 'src.sim_type.Pool'> task(id:82)
2025-01-15 21:07:37 - PE - INFO - Time 0.00: PE9 finish processing a <class 'src.sim_type.Pool'> task(id:82)
2025-01-15 21:07:37 - PE - INFO - Time 0.00: PE9 is processing a <class 'src.sim_type.Write'> task(id:54)
2025-01-15 21:07:37 - PE - INFO - Time 0.00: PE9 finish processing a <class 'src.sim_type.Write'> task(id:54)
2025-01-15 21:07:37 - PE - INFO - Time 0.00: PE9 is processing a <class 'src.sim_type.Write'> task(id:118)
2025-01-15 21:07:37 - PE - INFO - Time 0.00: PE9 finish processing a <class 'src.sim_type.Write'> task(id:118)
2025-01-15 21:07:37 - PE - INFO - Time 0.00: PE10 is processing a <class 'src.sim_type.Read'> task(id:19)
2025-01-15 21:07:37 - PE - INFO - Time 0.00: PE10 finish processing a <class 'src.sim_type.Read'> task(id:19)
2025-01-15 21:07:37 - PE - INFO - Time 0.00: PE10 is processing a <class 'src.sim_type.Read'> task(id:20)
2025-01-15 21:07:37 - PE - INFO - Time 0.00: PE10 finish processing a <class 'src.sim_type.Read'> task(id:20)
2025-01-15 21:07:37 - PE - INFO - Time 0.00: PE10 is processing a <class 'src.sim_type.Read'> task(id:83)
2025-01-15 21:07:37 - PE - INFO - Time 0.00: PE10 finish processing a <class 'src.sim_type.Read'> task(id:83)
2025-01-15 21:07:37 - PE - INFO - Time 0.00: PE10 is processing a <class 'src.sim_type.Stay'> task(id:84)
2025-01-15 21:07:37 - PE - INFO - Time 0.00: PE10 finish processing a <class 'src.sim_type.Stay'> task(id:84)
2025-01-15 21:07:37 - PE - INFO - Time 0.00: PE10 is processing a <class 'src.sim_type.Read'> task(id:166)
2025-01-15 21:07:37 - PE - INFO - Time 0.00: PE10 finish processing a <class 'src.sim_type.Read'> task(id:166)
2025-01-15 21:07:37 - PE - INFO - Time 0.00: PE10 is processing a <class 'src.sim_type.Conv'> task(id:21)
2025-01-15 21:07:37 - PE - INFO - Time 0.00: PE10 finish processing a <class 'src.sim_type.Conv'> task(id:21)
2025-01-15 21:07:37 - PE - INFO - Time 0.00: PE10 is processing a <class 'src.sim_type.Pool'> task(id:85)
2025-01-15 21:07:37 - PE - INFO - Time 0.00: PE10 finish processing a <class 'src.sim_type.Pool'> task(id:85)
2025-01-15 21:07:37 - PE - INFO - Time 0.00: PE10 is processing a <class 'src.sim_type.Write'> task(id:55)
2025-01-15 21:07:37 - PE - INFO - Time 0.00: PE10 finish processing a <class 'src.sim_type.Write'> task(id:55)
2025-01-15 21:07:37 - PE - INFO - Time 0.00: PE10 is processing a <class 'src.sim_type.Write'> task(id:119)
2025-01-15 21:07:37 - PE - INFO - Time 0.00: PE10 finish processing a <class 'src.sim_type.Write'> task(id:119)
2025-01-15 21:07:37 - PE - INFO - Time 0.00: PE10 is processing a <class 'src.sim_type.Send'> task(id:136)
2025-01-15 21:07:37 - PE - INFO - Time 0.00: PE10 finish processing a <class 'src.sim_type.Send'> task(id:136)
2025-01-15 21:07:37 - PE - INFO - Time 0.00: PE10 is processing a <class 'src.sim_type.Read'> task(id:227)
2025-01-15 21:07:37 - PE - INFO - Time 0.00: PE10 finish processing a <class 'src.sim_type.Read'> task(id:227)
2025-01-15 21:07:37 - PE - INFO - Time 0.00: PE11 is processing a <class 'src.sim_type.Read'> task(id:22)
2025-01-15 21:07:37 - PE - INFO - Time 0.00: PE11 finish processing a <class 'src.sim_type.Read'> task(id:22)
2025-01-15 21:07:37 - PE - INFO - Time 0.00: PE11 is processing a <class 'src.sim_type.Read'> task(id:23)
2025-01-15 21:07:37 - PE - INFO - Time 0.00: PE11 finish processing a <class 'src.sim_type.Read'> task(id:23)
2025-01-15 21:07:37 - PE - INFO - Time 0.00: PE11 is processing a <class 'src.sim_type.Read'> task(id:86)
2025-01-15 21:07:37 - PE - INFO - Time 0.00: PE11 finish processing a <class 'src.sim_type.Read'> task(id:86)
2025-01-15 21:07:37 - PE - INFO - Time 0.00: PE11 is processing a <class 'src.sim_type.Stay'> task(id:87)
2025-01-15 21:07:37 - PE - INFO - Time 0.00: PE11 finish processing a <class 'src.sim_type.Stay'> task(id:87)
2025-01-15 21:07:37 - PE - INFO - Time 0.00: PE11 is processing a <class 'src.sim_type.Read'> task(id:169)
2025-01-15 21:07:37 - PE - INFO - Time 0.00: PE11 finish processing a <class 'src.sim_type.Read'> task(id:169)
2025-01-15 21:07:37 - PE - INFO - Time 0.00: PE11 is processing a <class 'src.sim_type.Conv'> task(id:24)
2025-01-15 21:07:37 - PE - INFO - Time 0.00: PE11 finish processing a <class 'src.sim_type.Conv'> task(id:24)
2025-01-15 21:07:37 - PE - INFO - Time 0.00: PE11 is processing a <class 'src.sim_type.Pool'> task(id:88)
2025-01-15 21:07:37 - PE - INFO - Time 0.00: PE11 finish processing a <class 'src.sim_type.Pool'> task(id:88)
2025-01-15 21:07:37 - PE - INFO - Time 0.00: PE11 is processing a <class 'src.sim_type.Write'> task(id:56)
2025-01-15 21:07:37 - PE - INFO - Time 0.00: PE11 finish processing a <class 'src.sim_type.Write'> task(id:56)
2025-01-15 21:07:37 - PE - INFO - Time 0.00: PE11 is processing a <class 'src.sim_type.Write'> task(id:120)
2025-01-15 21:07:37 - PE - INFO - Time 0.00: PE11 finish processing a <class 'src.sim_type.Write'> task(id:120)
2025-01-15 21:07:37 - PE - INFO - Time 0.00: PE11 is processing a <class 'src.sim_type.Send'> task(id:137)
2025-01-15 21:07:37 - PE - INFO - Time 0.00: PE11 finish processing a <class 'src.sim_type.Send'> task(id:137)
2025-01-15 21:07:37 - PE - INFO - Time 0.00: PE11 is processing a <class 'src.sim_type.Read'> task(id:231)
2025-01-15 21:07:37 - PE - INFO - Time 0.00: PE11 finish processing a <class 'src.sim_type.Read'> task(id:231)
2025-01-15 21:07:37 - PE - INFO - Time 0.00: PE12 is processing a <class 'src.sim_type.Read'> task(id:1)
2025-01-15 21:07:37 - PE - INFO - Time 0.00: PE12 finish processing a <class 'src.sim_type.Read'> task(id:1)
2025-01-15 21:07:37 - PE - INFO - Time 0.00: PE12 is processing a <class 'src.sim_type.Read'> task(id:2)
2025-01-15 21:07:37 - PE - INFO - Time 0.00: PE12 finish processing a <class 'src.sim_type.Read'> task(id:2)
2025-01-15 21:07:37 - PE - INFO - Time 0.00: PE12 is processing a <class 'src.sim_type.Read'> task(id:65)
2025-01-15 21:07:37 - PE - INFO - Time 0.00: PE12 finish processing a <class 'src.sim_type.Read'> task(id:65)
2025-01-15 21:07:37 - PE - INFO - Time 0.00: PE12 is processing a <class 'src.sim_type.Stay'> task(id:66)
2025-01-15 21:07:37 - PE - INFO - Time 0.00: PE12 finish processing a <class 'src.sim_type.Stay'> task(id:66)
2025-01-15 21:07:37 - PE - INFO - Time 0.00: PE12 is processing a <class 'src.sim_type.Read'> task(id:157)
2025-01-15 21:07:37 - PE - INFO - Time 0.00: PE12 finish processing a <class 'src.sim_type.Read'> task(id:157)
2025-01-15 21:07:37 - PE - INFO - Time 0.00: PE12 is processing a <class 'src.sim_type.Conv'> task(id:3)
2025-01-15 21:07:37 - PE - INFO - Time 0.00: PE12 finish processing a <class 'src.sim_type.Conv'> task(id:3)
2025-01-15 21:07:37 - PE - INFO - Time 0.00: PE12 is processing a <class 'src.sim_type.Pool'> task(id:67)
2025-01-15 21:07:37 - PE - INFO - Time 0.00: PE12 finish processing a <class 'src.sim_type.Pool'> task(id:67)
2025-01-15 21:07:37 - PE - INFO - Time 0.00: PE12 is processing a <class 'src.sim_type.Write'> task(id:49)
2025-01-15 21:07:37 - PE - INFO - Time 0.00: PE12 finish processing a <class 'src.sim_type.Write'> task(id:49)
2025-01-15 21:07:37 - PE - INFO - Time 0.00: PE12 is processing a <class 'src.sim_type.Write'> task(id:113)
2025-01-15 21:07:37 - PE - INFO - Time 0.00: PE12 finish processing a <class 'src.sim_type.Write'> task(id:113)
2025-01-15 21:07:37 - PE - INFO - Time 0.00: PE12 is processing a <class 'src.sim_type.Send'> task(id:130)
2025-01-15 21:07:37 - PE - INFO - Time 0.00: PE12 finish processing a <class 'src.sim_type.Send'> task(id:130)
2025-01-15 21:07:37 - PE - INFO - Time 0.00: PE12 is processing a <class 'src.sim_type.Read'> task(id:205)
2025-01-15 21:07:37 - PE - INFO - Time 0.00: PE12 finish processing a <class 'src.sim_type.Read'> task(id:205)
2025-01-15 21:07:37 - PE - INFO - Time 0.00: PE12 is processing a <class 'src.sim_type.Stay'> task(id:206)
2025-01-15 21:07:37 - PE - INFO - Time 0.00: PE12 finish processing a <class 'src.sim_type.Stay'> task(id:206)
2025-01-15 21:07:37 - PE - INFO - Time 0.00: PE12 is processing a <class 'src.sim_type.Read'> task(id:304)
2025-01-15 21:07:37 - PE - INFO - Time 0.00: PE12 finish processing a <class 'src.sim_type.Read'> task(id:304)
2025-01-15 21:07:37 - PE - INFO - Time 0.00: PE12 is processing a <class 'src.sim_type.Conv'> task(id:207)
2025-01-15 21:07:37 - PE - INFO - Time 0.00: PE12 finish processing a <class 'src.sim_type.Conv'> task(id:207)
2025-01-15 21:07:37 - PE - INFO - Time 0.00: PE12 is processing a <class 'src.sim_type.Write'> task(id:264)
2025-01-15 21:07:37 - PE - INFO - Time 0.00: PE12 finish processing a <class 'src.sim_type.Write'> task(id:264)
2025-01-15 21:07:37 - PE - INFO - Time 0.00: PE12 is processing a <class 'src.sim_type.Send'> task(id:281)
2025-01-15 21:07:37 - PE - INFO - Time 0.00: PE12 finish processing a <class 'src.sim_type.Send'> task(id:281)
2025-01-15 21:07:37 - PE - INFO - Time 0.00: PE13 is processing a <class 'src.sim_type.Read'> task(id:4)
2025-01-15 21:07:37 - PE - INFO - Time 0.00: PE13 finish processing a <class 'src.sim_type.Read'> task(id:4)
2025-01-15 21:07:37 - PE - INFO - Time 0.00: PE13 is processing a <class 'src.sim_type.Read'> task(id:5)
2025-01-15 21:07:37 - PE - INFO - Time 0.00: PE13 finish processing a <class 'src.sim_type.Read'> task(id:5)
2025-01-15 21:07:37 - PE - INFO - Time 0.00: PE13 is processing a <class 'src.sim_type.Read'> task(id:68)
2025-01-15 21:07:37 - PE - INFO - Time 0.00: PE13 finish processing a <class 'src.sim_type.Read'> task(id:68)
2025-01-15 21:07:37 - PE - INFO - Time 0.00: PE13 is processing a <class 'src.sim_type.Stay'> task(id:69)
2025-01-15 21:07:37 - PE - INFO - Time 0.00: PE13 finish processing a <class 'src.sim_type.Stay'> task(id:69)
2025-01-15 21:07:37 - PE - INFO - Time 0.00: PE13 is processing a <class 'src.sim_type.Read'> task(id:147)
2025-01-15 21:07:37 - PE - INFO - Time 0.00: PE13 finish processing a <class 'src.sim_type.Read'> task(id:147)
2025-01-15 21:07:37 - PE - INFO - Time 0.00: PE13 is processing a <class 'src.sim_type.Conv'> task(id:6)
2025-01-15 21:07:37 - PE - INFO - Time 0.00: PE13 finish processing a <class 'src.sim_type.Conv'> task(id:6)
2025-01-15 21:07:37 - PE - INFO - Time 0.00: PE13 is processing a <class 'src.sim_type.Pool'> task(id:70)
2025-01-15 21:07:37 - PE - INFO - Time 0.00: PE13 finish processing a <class 'src.sim_type.Pool'> task(id:70)
2025-01-15 21:07:37 - PE - INFO - Time 0.00: PE13 is processing a <class 'src.sim_type.Write'> task(id:50)
2025-01-15 21:07:37 - PE - INFO - Time 0.00: PE13 finish processing a <class 'src.sim_type.Write'> task(id:50)
2025-01-15 21:07:37 - PE - INFO - Time 0.00: PE13 is processing a <class 'src.sim_type.Write'> task(id:114)
2025-01-15 21:07:37 - PE - INFO - Time 0.00: PE13 finish processing a <class 'src.sim_type.Write'> task(id:114)
2025-01-15 21:07:37 - PE - INFO - Time 0.00: PE13 is processing a <class 'src.sim_type.Send'> task(id:131)
2025-01-15 21:07:37 - PE - INFO - Time 0.00: PE13 finish processing a <class 'src.sim_type.Send'> task(id:131)
2025-01-15 21:07:37 - PE - INFO - Time 0.00: PE13 is processing a <class 'src.sim_type.Read'> task(id:208)
2025-01-15 21:07:37 - PE - INFO - Time 0.00: PE13 finish processing a <class 'src.sim_type.Read'> task(id:208)
2025-01-15 21:07:37 - PE - INFO - Time 0.00: PE13 is processing a <class 'src.sim_type.Read'> task(id:316)
2025-01-15 21:07:37 - PE - INFO - Time 0.00: PE13 finish processing a <class 'src.sim_type.Read'> task(id:316)
2025-01-15 21:07:37 - PE - INFO - Time 0.00: PE14 is processing a <class 'src.sim_type.Read'> task(id:7)
2025-01-15 21:07:37 - PE - INFO - Time 0.00: PE14 finish processing a <class 'src.sim_type.Read'> task(id:7)
2025-01-15 21:07:37 - PE - INFO - Time 0.00: PE14 is processing a <class 'src.sim_type.Read'> task(id:8)
2025-01-15 21:07:37 - PE - INFO - Time 0.00: PE14 finish processing a <class 'src.sim_type.Read'> task(id:8)
2025-01-15 21:07:37 - PE - INFO - Time 0.00: PE14 is processing a <class 'src.sim_type.Read'> task(id:71)
2025-01-15 21:07:37 - PE - INFO - Time 0.00: PE14 finish processing a <class 'src.sim_type.Read'> task(id:71)
2025-01-15 21:07:37 - PE - INFO - Time 0.00: PE14 is processing a <class 'src.sim_type.Stay'> task(id:72)
2025-01-15 21:07:37 - PE - INFO - Time 0.00: PE14 finish processing a <class 'src.sim_type.Stay'> task(id:72)
2025-01-15 21:07:37 - PE - INFO - Time 0.00: PE14 is processing a <class 'src.sim_type.Read'> task(id:160)
2025-01-15 21:07:37 - PE - INFO - Time 0.00: PE14 finish processing a <class 'src.sim_type.Read'> task(id:160)
2025-01-15 21:07:37 - PE - INFO - Time 0.00: PE14 is processing a <class 'src.sim_type.Conv'> task(id:9)
2025-01-15 21:07:37 - PE - INFO - Time 0.00: PE14 finish processing a <class 'src.sim_type.Conv'> task(id:9)
2025-01-15 21:07:37 - PE - INFO - Time 0.00: PE14 is processing a <class 'src.sim_type.Pool'> task(id:73)
2025-01-15 21:07:37 - PE - INFO - Time 0.00: PE14 finish processing a <class 'src.sim_type.Pool'> task(id:73)
2025-01-15 21:07:37 - PE - INFO - Time 0.00: PE14 is processing a <class 'src.sim_type.Write'> task(id:51)
2025-01-15 21:07:37 - PE - INFO - Time 0.00: PE14 finish processing a <class 'src.sim_type.Write'> task(id:51)
2025-01-15 21:07:37 - PE - INFO - Time 0.00: PE14 is processing a <class 'src.sim_type.Write'> task(id:115)
2025-01-15 21:07:37 - PE - INFO - Time 0.00: PE14 finish processing a <class 'src.sim_type.Write'> task(id:115)
2025-01-15 21:07:37 - PE - INFO - Time 0.00: PE14 is processing a <class 'src.sim_type.Send'> task(id:132)
2025-01-15 21:07:37 - PE - INFO - Time 0.00: PE14 finish processing a <class 'src.sim_type.Send'> task(id:132)
2025-01-15 21:07:37 - PE - INFO - Time 0.00: PE14 is processing a <class 'src.sim_type.Read'> task(id:212)
2025-01-15 21:07:37 - PE - INFO - Time 0.00: PE14 finish processing a <class 'src.sim_type.Read'> task(id:212)
2025-01-15 21:07:37 - PE - INFO - Time 0.00: PE14 is processing a <class 'src.sim_type.Stay'> task(id:213)
2025-01-15 21:07:37 - PE - INFO - Time 0.00: PE14 finish processing a <class 'src.sim_type.Stay'> task(id:213)
2025-01-15 21:07:37 - PE - INFO - Time 0.00: PE14 is processing a <class 'src.sim_type.Conv'> task(id:215)
2025-01-15 21:07:37 - PE - INFO - Time 0.00: PE14 finish processing a <class 'src.sim_type.Conv'> task(id:215)
2025-01-15 21:07:37 - PE - INFO - Time 0.00: PE14 is processing a <class 'src.sim_type.Write'> task(id:266)
2025-01-15 21:07:37 - PE - INFO - Time 0.00: PE14 finish processing a <class 'src.sim_type.Write'> task(id:266)
2025-01-15 21:07:37 - PE - INFO - Time 0.00: PE14 is processing a <class 'src.sim_type.Send'> task(id:283)
2025-01-15 21:07:37 - PE - INFO - Time 0.00: PE14 finish processing a <class 'src.sim_type.Send'> task(id:283)
2025-01-15 21:07:37 - PE - INFO - Time 0.00: PE15 is processing a <class 'src.sim_type.Read'> task(id:10)
2025-01-15 21:07:37 - PE - INFO - Time 0.00: PE15 finish processing a <class 'src.sim_type.Read'> task(id:10)
2025-01-15 21:07:37 - PE - INFO - Time 0.00: PE15 is processing a <class 'src.sim_type.Read'> task(id:11)
2025-01-15 21:07:37 - PE - INFO - Time 0.00: PE15 finish processing a <class 'src.sim_type.Read'> task(id:11)
2025-01-15 21:07:37 - PE - INFO - Time 0.00: PE15 is processing a <class 'src.sim_type.Read'> task(id:74)
2025-01-15 21:07:37 - PE - INFO - Time 0.00: PE15 finish processing a <class 'src.sim_type.Read'> task(id:74)
2025-01-15 21:07:37 - PE - INFO - Time 0.00: PE15 is processing a <class 'src.sim_type.Stay'> task(id:75)
2025-01-15 21:07:37 - PE - INFO - Time 0.00: PE15 finish processing a <class 'src.sim_type.Stay'> task(id:75)
2025-01-15 21:07:37 - PE - INFO - Time 0.00: PE15 is processing a <class 'src.sim_type.Read'> task(id:163)
2025-01-15 21:07:37 - PE - INFO - Time 0.00: PE15 finish processing a <class 'src.sim_type.Read'> task(id:163)
2025-01-15 21:07:37 - PE - INFO - Time 0.00: PE15 is processing a <class 'src.sim_type.Conv'> task(id:12)
2025-01-15 21:07:37 - PE - INFO - Time 0.00: PE15 finish processing a <class 'src.sim_type.Conv'> task(id:12)
2025-01-15 21:07:37 - PE - INFO - Time 0.00: PE15 is processing a <class 'src.sim_type.Pool'> task(id:76)
2025-01-15 21:07:37 - PE - INFO - Time 0.00: PE15 finish processing a <class 'src.sim_type.Pool'> task(id:76)
2025-01-15 21:07:37 - PE - INFO - Time 0.00: PE15 is processing a <class 'src.sim_type.Write'> task(id:52)
2025-01-15 21:07:37 - PE - INFO - Time 0.00: PE15 finish processing a <class 'src.sim_type.Write'> task(id:52)
2025-01-15 21:07:37 - PE - INFO - Time 0.00: PE15 is processing a <class 'src.sim_type.Write'> task(id:116)
2025-01-15 21:07:37 - PE - INFO - Time 0.00: PE15 finish processing a <class 'src.sim_type.Write'> task(id:116)
2025-01-15 21:07:37 - PE - INFO - Time 0.00: PE15 is processing a <class 'src.sim_type.Send'> task(id:133)
2025-01-15 21:07:37 - PE - INFO - Time 0.00: PE15 finish processing a <class 'src.sim_type.Send'> task(id:133)
2025-01-15 21:07:37 - PE - INFO - Time 0.00: PE15 is processing a <class 'src.sim_type.Read'> task(id:216)
2025-01-15 21:07:37 - PE - INFO - Time 0.00: PE15 finish processing a <class 'src.sim_type.Read'> task(id:216)
2025-01-15 21:07:37 - PE - INFO - Time 0.00: PE15 is processing a <class 'src.sim_type.Stay'> task(id:217)
2025-01-15 21:07:37 - PE - INFO - Time 0.00: PE15 finish processing a <class 'src.sim_type.Stay'> task(id:217)
2025-01-15 21:07:37 - PE - INFO - Time 0.00: PE15 is processing a <class 'src.sim_type.Conv'> task(id:219)
2025-01-15 21:07:37 - PE - INFO - Time 0.00: PE15 finish processing a <class 'src.sim_type.Conv'> task(id:219)
2025-01-15 21:07:37 - PE - INFO - Time 0.00: PE15 is processing a <class 'src.sim_type.Write'> task(id:267)
2025-01-15 21:07:37 - PE - INFO - Time 0.00: PE15 finish processing a <class 'src.sim_type.Write'> task(id:267)
2025-01-15 21:07:37 - PE - INFO - Time 0.00: PE15 is processing a <class 'src.sim_type.Send'> task(id:284)
2025-01-15 21:07:37 - PE - INFO - Time 0.00: PE15 finish processing a <class 'src.sim_type.Send'> task(id:284)
